Copyright 1986-2017 Xilinx, Inc. All Rights Reserved.
------------------------------------------------------------------------------------
| Tool Version : Vivado v.2017.4 (win64) Build 2086221 Fri Dec 15 20:55:39 MST 2017
| Date         : Mon Jun 25 13:18:37 2018
| Host         : PC-201805041311 running 64-bit major release  (build 9200)
| Command      : report_control_sets -verbose -file top_control_sets_placed.rpt
| Design       : top
| Device       : xc7a100t
------------------------------------------------------------------------------------

Control Set Information

Table of Contents
-----------------
1. Summary
2. Flip-Flop Distribution
3. Detailed Control Set Information

1. Summary
----------

+----------------------------------------------------------+-------+
|                          Status                          | Count |
+----------------------------------------------------------+-------+
| Number of unique control sets                            |     8 |
| Unused register locations in slices containing registers |    31 |
+----------------------------------------------------------+-------+


2. Flip-Flop Distribution
-------------------------

+--------------+-----------------------+------------------------+-----------------+--------------+
| Clock Enable | Synchronous Set/Reset | Asynchronous Set/Reset | Total Registers | Total Slices |
+--------------+-----------------------+------------------------+-----------------+--------------+
| No           | No                    | No                     |              18 |           14 |
| No           | No                    | Yes                    |              34 |           13 |
| No           | Yes                   | No                     |              27 |           14 |
| Yes          | No                    | No                     |               0 |            0 |
| Yes          | No                    | Yes                    |              36 |            9 |
| Yes          | Yes                   | No                     |              14 |            4 |
+--------------+-----------------------+------------------------+-----------------+--------------+


3. Detailed Control Set Information
-----------------------------------

+-----------------------------+--------------------------------------------------+------------------------------+------------------+----------------+
|         Clock Signal        |                   Enable Signal                  |       Set/Reset Signal       | Slice Load Count | Bel Load Count |
+-----------------------------+--------------------------------------------------+------------------------------+------------------+----------------+
|  video_pll_m0/inst/clk_out1 |                                                  | osd_display_m0/clear         |                1 |              3 |
|  video_pll_m0/inst/clk_out1 | color_bar_m0/active_x[11]_i_1_n_0                | color_bar_m0/rst0            |                3 |             12 |
|  video_pll_m0/inst/clk_out1 | color_bar_m0/v_cnt                               | color_bar_m0/rst0            |                3 |             12 |
|  video_pll_m0/inst/clk_out1 | osd_display_m0/timing_gen_xy_m0/y_cnt[0]_i_1_n_0 | color_bar_m0/rst0            |                3 |             12 |
|  video_pll_m0/inst/clk_out1 | osd_display_m0/region_active                     | osd_display_m0/osd_ram_addr0 |                4 |             14 |
|  video_pll_m0/inst/clk_out1 |                                                  |                              |               14 |             18 |
|  video_pll_m0/inst/clk_out1 |                                                  | osd_display_m0/v_data        |               13 |             24 |
|  video_pll_m0/inst/clk_out1 |                                                  | color_bar_m0/rst0            |               13 |             34 |
+-----------------------------+--------------------------------------------------+------------------------------+------------------+----------------+


+--------+-----------------------+
| Fanout | Number of ControlSets |
+--------+-----------------------+
| 3      |                     1 |
| 12     |                     3 |
| 14     |                     1 |
| 16+    |                     3 |
+--------+-----------------------+


