Copyright 1986-2017 Xilinx, Inc. All Rights Reserved.
--------------------------------------------------------------------------------------------------------------------------------------------------------------------------
| Tool Version : Vivado v.2017.4 (win64) Build 2086221 Fri Dec 15 20:55:39 MST 2017
| Date         : Tue Jun 19 09:36:36 2018
| Host         : PC-201805041311 running 64-bit major release  (build 9200)
| Command      : report_methodology -file key_debounce_methodology_drc_routed.rpt -pb key_debounce_methodology_drc_routed.pb -rpx key_debounce_methodology_drc_routed.rpx
| Design       : key_debounce
| Device       : xc7a100tfgg484-2
| Speed File   : -2
| Design State : Routed
--------------------------------------------------------------------------------------------------------------------------------------------------------------------------

Report Methodology

Table of Contents
-----------------
1. REPORT SUMMARY
2. REPORT DETAILS

1. REPORT SUMMARY
-----------------
            Netlist: netlist
          Floorplan: design_1
      Design limits: <entire design considered>
             Max violations: <unlimited>
             Violations found: 4
+-----------+----------+-------------------------------+------------+
| Rule      | Severity | Description                   | Violations |
+-----------+----------+-------------------------------+------------+
| TIMING-18 | Warning  | Missing input or output delay | 4          |
+-----------+----------+-------------------------------+------------+

2. REPORT DETAILS
-----------------
TIMING-18#1 Warning
Missing input or output delay  
An input delay is missing on key relative to clock(s) sys_clk_p
Related violations: <none>

TIMING-18#2 Warning
Missing input or output delay  
An input delay is missing on rst_n relative to clock(s) sys_clk_p
Related violations: <none>

TIMING-18#3 Warning
Missing input or output delay  
An output delay is missing on led[0] relative to clock(s) sys_clk_p
Related violations: <none>

TIMING-18#4 Warning
Missing input or output delay  
An output delay is missing on led[1] relative to clock(s) sys_clk_p
Related violations: <none>


