Copyright 1986-2017 Xilinx, Inc. All Rights Reserved.
----------------------------------------------------------------------------------------------------------------------------------------------------------------
| Tool Version     : Vivado v.2017.4 (win64) Build 2086221 Fri Dec 15 20:55:39 MST 2017
| Date             : Tue Jul  3 13:42:41 2018
| Host             : PC-201805041311 running 64-bit major release  (build 9200)
| Command          : report_power -file video_ethernet_power_routed.rpt -pb video_ethernet_power_summary_routed.pb -rpx video_ethernet_power_routed.rpx
| Design           : video_ethernet
| Device           : xc7a100tfgg484-2
| Design State     : routed
| Grade            : commercial
| Process          : typical
| Characterization : Production
----------------------------------------------------------------------------------------------------------------------------------------------------------------

Power Report

Table of Contents
-----------------
1. Summary
1.1 On-Chip Components
1.2 Power Supply Summary
1.3 Confidence Level
2. Settings
2.1 Environment
2.2 Clock Constraints
3. Detailed Reports
3.1 By Hierarchy

1. Summary
----------

+--------------------------+--------------+
| Total On-Chip Power (W)  | 0.251        |
| Design Power Budget (W)  | Unspecified* |
| Power Budget Margin (W)  | NA           |
| Dynamic (W)              | 0.154        |
| Device Static (W)        | 0.098        |
| Effective TJA (C/W)      | 2.7          |
| Max Ambient (C)          | 84.3         |
| Junction Temperature (C) | 25.7         |
| Confidence Level         | Low          |
| Setting File             | ---          |
| Simulation Activity File | ---          |
| Design Nets Matched      | NA           |
+--------------------------+--------------+
* Specify Design Power Budget using, set_operating_conditions -design_power_budget <value in Watts>


1.1 On-Chip Components
----------------------

+-------------------------+-----------+----------+-----------+-----------------+
| On-Chip                 | Power (W) | Used     | Available | Utilization (%) |
+-------------------------+-----------+----------+-----------+-----------------+
| Clocks                  |     0.062 |       13 |       --- |             --- |
| Slice Logic             |     0.008 |    19777 |       --- |             --- |
|   LUT as Logic          |     0.007 |     7823 |     63400 |           12.34 |
|   CARRY4                |     0.001 |     1044 |     15850 |            6.59 |
|   Register              |    <0.001 |     8938 |    126800 |            7.05 |
|   LUT as Shift Register |    <0.001 |       11 |     19000 |            0.06 |
|   F7/F8 Muxes           |    <0.001 |      135 |     63400 |            0.21 |
|   Others                |     0.000 |      300 |       --- |             --- |
| Signals                 |     0.011 |    14612 |       --- |             --- |
| Block RAM               |     0.012 |        6 |       135 |            4.44 |
| I/O                     |     0.060 |      124 |       285 |           43.51 |
| Static Power            |     0.098 |          |           |                 |
| Total                   |     0.251 |          |           |                 |
+-------------------------+-----------+----------+-----------+-----------------+


1.2 Power Supply Summary
------------------------

+-----------+-------------+-----------+-------------+------------+
| Source    | Voltage (V) | Total (A) | Dynamic (A) | Static (A) |
+-----------+-------------+-----------+-------------+------------+
| Vccint    |       1.000 |     0.110 |       0.094 |      0.015 |
| Vccaux    |       1.800 |     0.020 |       0.002 |      0.018 |
| Vcco33    |       3.300 |     0.021 |       0.017 |      0.004 |
| Vcco25    |       2.500 |     0.000 |       0.000 |      0.000 |
| Vcco18    |       1.800 |     0.000 |       0.000 |      0.000 |
| Vcco15    |       1.500 |     0.000 |       0.000 |      0.000 |
| Vcco135   |       1.350 |     0.000 |       0.000 |      0.000 |
| Vcco12    |       1.200 |     0.000 |       0.000 |      0.000 |
| Vccaux_io |       1.800 |     0.000 |       0.000 |      0.000 |
| Vccbram   |       1.000 |     0.001 |       0.001 |      0.000 |
| MGTAVcc   |       1.000 |     0.000 |       0.000 |      0.000 |
| MGTAVtt   |       1.200 |     0.000 |       0.000 |      0.000 |
| Vccadc    |       1.800 |     0.020 |       0.000 |      0.020 |
+-----------+-------------+-----------+-------------+------------+


1.3 Confidence Level
--------------------

+-----------------------------+------------+--------------------------------------------------------+------------------------------------------------------------------------------------------------------------+
| User Input Data             | Confidence | Details                                                | Action                                                                                                     |
+-----------------------------+------------+--------------------------------------------------------+------------------------------------------------------------------------------------------------------------+
| Design implementation state | High       | Design is routed                                       |                                                                                                            |
| Clock nodes activity        | High       | User specified more than 95% of clocks                 |                                                                                                            |
| I/O nodes activity          | Low        | More than 75% of inputs are missing user specification | Provide missing input activity with simulation results or by editing the "By Resource Type -> I/Os" view   |
| Internal nodes activity     | Medium     | User specified less than 25% of internal nodes         | Provide missing internal nodes activity with simulation results or by editing the "By Resource Type" views |
| Device models               | High       | Device models are Production                           |                                                                                                            |
|                             |            |                                                        |                                                                                                            |
| Overall confidence level    | Low        |                                                        |                                                                                                            |
+-----------------------------+------------+--------------------------------------------------------+------------------------------------------------------------------------------------------------------------+


2. Settings
-----------

2.1 Environment
---------------

+-----------------------+--------------------------+
| Ambient Temp (C)      | 25.0                     |
| ThetaJA (C/W)         | 2.7                      |
| Airflow (LFM)         | 250                      |
| Heat Sink             | medium (Medium Profile)  |
| ThetaSA (C/W)         | 4.6                      |
| Board Selection       | medium (10"x10")         |
| # of Board Layers     | 12to15 (12 to 15 Layers) |
| Board Temperature (C) | 25.0                     |
+-----------------------+--------------------------+


2.2 Clock Constraints
---------------------

+------------+------------+-----------------+
| Clock      | Domain     | Constraint (ns) |
+------------+------------+-----------------+
| cmos1_pclk | cmos1_pclk |            11.9 |
| cmos2_pclk | cmos2_pclk |            11.9 |
| e1_rx_clk  | e1_gtxc    |             8.0 |
| e1_rx_clk  | e1_rxc     |             8.0 |
| e2_rx_clk  | e2_gtxc    |             8.0 |
| e2_rx_clk  | e2_rxc     |             8.0 |
| e2_rx_clk  | e4_gtxc    |             8.0 |
| e3_rx_clk  | e3_gtxc    |             8.0 |
| e3_rx_clk  | e3_rxc     |             8.0 |
| e4_rx_clk  | e4_rxc     |             8.0 |
| sys_clk_p  | sys_clk_p  |             5.0 |
+------------+------------+-----------------+


3. Detailed Reports
-------------------

3.1 By Hierarchy
----------------

+-------------------------------------------------------------------------------------+-----------+
| Name                                                                                | Power (W) |
+-------------------------------------------------------------------------------------+-----------+
| video_ethernet                                                                      |     0.154 |
|   camera_delay_inst                                                                 |    <0.001 |
|   camera_fifo_inst1                                                                 |     0.004 |
|     U0                                                                              |     0.004 |
|       inst_fifo_gen                                                                 |     0.004 |
|         gconvfifo.rf                                                                |     0.004 |
|           grf.rf                                                                    |     0.004 |
|             gntv_or_sync_fifo.gcx.clkx                                              |    <0.001 |
|               rd_pntr_cdc_inst                                                      |    <0.001 |
|               wr_pntr_cdc_inst                                                      |    <0.001 |
|             gntv_or_sync_fifo.gl0.rd                                                |    <0.001 |
|               gras.grdc1.rdc                                                        |    <0.001 |
|               gras.rsts                                                             |    <0.001 |
|                 c0                                                                  |    <0.001 |
|                 c1                                                                  |    <0.001 |
|               rpntr                                                                 |    <0.001 |
|             gntv_or_sync_fifo.gl0.wr                                                |    <0.001 |
|               gwas.wsts                                                             |    <0.001 |
|                 c1                                                                  |    <0.001 |
|                 c2                                                                  |    <0.001 |
|               wpntr                                                                 |    <0.001 |
|             gntv_or_sync_fifo.mem                                                   |     0.002 |
|               gbm.gbmg.gbmga.ngecc.bmg                                              |     0.002 |
|                 inst_blk_mem_gen                                                    |     0.002 |
|                   gnbram.gnativebmg.native_blk_mem_gen                              |     0.002 |
|                     valid.cstr                                                      |     0.002 |
|                       ramloop[0].ram.r                                              |     0.002 |
|                         prim_noinit.ram                                             |     0.002 |
|             rstblk                                                                  |    <0.001 |
|               ngwrdrst.grst.g7serrst.gsckt_wrst.gic_rst.xpm_cdc_single_inst_rrst_wr |    <0.001 |
|               ngwrdrst.grst.g7serrst.gsckt_wrst.gic_rst.xpm_cdc_single_inst_wrst_rd |    <0.001 |
|               ngwrdrst.grst.g7serrst.gsckt_wrst.gic_rst.xpm_cdc_sync_rst_inst_wrst  |    <0.001 |
|               ngwrdrst.grst.g7serrst.gsckt_wrst.xpm_cdc_sync_rst_inst_wrst          |    <0.001 |
|   camera_fifo_inst2                                                                 |     0.004 |
|     U0                                                                              |     0.004 |
|       inst_fifo_gen                                                                 |     0.004 |
|         gconvfifo.rf                                                                |     0.004 |
|           grf.rf                                                                    |     0.004 |
|             gntv_or_sync_fifo.gcx.clkx                                              |    <0.001 |
|               rd_pntr_cdc_inst                                                      |    <0.001 |
|               wr_pntr_cdc_inst                                                      |    <0.001 |
|             gntv_or_sync_fifo.gl0.rd                                                |    <0.001 |
|               gras.grdc1.rdc                                                        |    <0.001 |
|               gras.rsts                                                             |    <0.001 |
|                 c0                                                                  |    <0.001 |
|                 c1                                                                  |    <0.001 |
|               rpntr                                                                 |    <0.001 |
|             gntv_or_sync_fifo.gl0.wr                                                |    <0.001 |
|               gwas.wsts                                                             |    <0.001 |
|                 c1                                                                  |    <0.001 |
|                 c2                                                                  |    <0.001 |
|               wpntr                                                                 |    <0.001 |
|             gntv_or_sync_fifo.mem                                                   |     0.002 |
|               gbm.gbmg.gbmga.ngecc.bmg                                              |     0.002 |
|                 inst_blk_mem_gen                                                    |     0.002 |
|                   gnbram.gnativebmg.native_blk_mem_gen                              |     0.002 |
|                     valid.cstr                                                      |     0.002 |
|                       ramloop[0].ram.r                                              |     0.002 |
|                         prim_noinit.ram                                             |     0.002 |
|             rstblk                                                                  |    <0.001 |
|               ngwrdrst.grst.g7serrst.gsckt_wrst.gic_rst.xpm_cdc_single_inst_rrst_wr |    <0.001 |
|               ngwrdrst.grst.g7serrst.gsckt_wrst.gic_rst.xpm_cdc_single_inst_wrst_rd |    <0.001 |
|               ngwrdrst.grst.g7serrst.gsckt_wrst.gic_rst.xpm_cdc_sync_rst_inst_wrst  |    <0.001 |
|               ngwrdrst.grst.g7serrst.gsckt_wrst.xpm_cdc_sync_rst_inst_wrst          |    <0.001 |
|   camera_fifo_inst3                                                                 |     0.004 |
|     U0                                                                              |     0.004 |
|       inst_fifo_gen                                                                 |     0.004 |
|         gconvfifo.rf                                                                |     0.004 |
|           grf.rf                                                                    |     0.004 |
|             gntv_or_sync_fifo.gcx.clkx                                              |    <0.001 |
|               rd_pntr_cdc_inst                                                      |    <0.001 |
|               wr_pntr_cdc_inst                                                      |    <0.001 |
|             gntv_or_sync_fifo.gl0.rd                                                |    <0.001 |
|               gras.grdc1.rdc                                                        |    <0.001 |
|               gras.rsts                                                             |    <0.001 |
|                 c0                                                                  |    <0.001 |
|                 c1                                                                  |    <0.001 |
|               rpntr                                                                 |    <0.001 |
|             gntv_or_sync_fifo.gl0.wr                                                |    <0.001 |
|               gwas.wsts                                                             |    <0.001 |
|                 c1                                                                  |    <0.001 |
|                 c2                                                                  |    <0.001 |
|               wpntr                                                                 |    <0.001 |
|             gntv_or_sync_fifo.mem                                                   |     0.002 |
|               gbm.gbmg.gbmga.ngecc.bmg                                              |     0.002 |
|                 inst_blk_mem_gen                                                    |     0.002 |
|                   gnbram.gnativebmg.native_blk_mem_gen                              |     0.002 |
|                     valid.cstr                                                      |     0.002 |
|                       ramloop[0].ram.r                                              |     0.002 |
|                         prim_noinit.ram                                             |     0.002 |
|             rstblk                                                                  |    <0.001 |
|               ngwrdrst.grst.g7serrst.gsckt_wrst.gic_rst.xpm_cdc_single_inst_rrst_wr |    <0.001 |
|               ngwrdrst.grst.g7serrst.gsckt_wrst.gic_rst.xpm_cdc_single_inst_wrst_rd |    <0.001 |
|               ngwrdrst.grst.g7serrst.gsckt_wrst.gic_rst.xpm_cdc_sync_rst_inst_wrst  |    <0.001 |
|               ngwrdrst.grst.g7serrst.gsckt_wrst.xpm_cdc_sync_rst_inst_wrst          |    <0.001 |
|   camera_fifo_inst4                                                                 |     0.004 |
|     U0                                                                              |     0.004 |
|       inst_fifo_gen                                                                 |     0.004 |
|         gconvfifo.rf                                                                |     0.004 |
|           grf.rf                                                                    |     0.004 |
|             gntv_or_sync_fifo.gcx.clkx                                              |     0.001 |
|               rd_pntr_cdc_inst                                                      |    <0.001 |
|               wr_pntr_cdc_inst                                                      |    <0.001 |
|             gntv_or_sync_fifo.gl0.rd                                                |    <0.001 |
|               gras.grdc1.rdc                                                        |    <0.001 |
|               gras.rsts                                                             |    <0.001 |
|                 c0                                                                  |    <0.001 |
|                 c1                                                                  |    <0.001 |
|               rpntr                                                                 |    <0.001 |
|             gntv_or_sync_fifo.gl0.wr                                                |    <0.001 |
|               gwas.wsts                                                             |    <0.001 |
|                 c1                                                                  |    <0.001 |
|                 c2                                                                  |    <0.001 |
|               wpntr                                                                 |    <0.001 |
|             gntv_or_sync_fifo.mem                                                   |     0.002 |
|               gbm.gbmg.gbmga.ngecc.bmg                                              |     0.002 |
|                 inst_blk_mem_gen                                                    |     0.002 |
|                   gnbram.gnativebmg.native_blk_mem_gen                              |     0.002 |
|                     valid.cstr                                                      |     0.002 |
|                       ramloop[0].ram.r                                              |     0.002 |
|                         prim_noinit.ram                                             |     0.002 |
|             rstblk                                                                  |    <0.001 |
|               ngwrdrst.grst.g7serrst.gsckt_wrst.gic_rst.xpm_cdc_single_inst_rrst_wr |    <0.001 |
|               ngwrdrst.grst.g7serrst.gsckt_wrst.gic_rst.xpm_cdc_single_inst_wrst_rd |    <0.001 |
|               ngwrdrst.grst.g7serrst.gsckt_wrst.gic_rst.xpm_cdc_sync_rst_inst_wrst  |    <0.001 |
|               ngwrdrst.grst.g7serrst.gsckt_wrst.xpm_cdc_sync_rst_inst_wrst          |    <0.001 |
|   cmos1_scl_IOBUF_inst                                                              |     0.000 |
|   cmos1_sda_IOBUF_inst                                                              |     0.000 |
|   cmos2_scl_IOBUF_inst                                                              |     0.000 |
|   cmos2_sda_IOBUF_inst                                                              |     0.000 |
|   cmos_select_inst                                                                  |    <0.001 |
|   i2c_config_m0                                                                     |     0.003 |
|     i2c_master_top_m0                                                               |     0.003 |
|       byte_controller                                                               |     0.002 |
|         bit_controller                                                              |     0.002 |
|   i2c_config_m1                                                                     |     0.003 |
|     i2c_master_top_m0                                                               |     0.003 |
|       byte_controller                                                               |     0.002 |
|         bit_controller                                                              |     0.002 |
|   mac_test1                                                                         |     0.016 |
|     mac_top0                                                                        |     0.015 |
|       cache0                                                                        |    <0.001 |
|       icmp0                                                                         |     0.004 |
|         icmp_receive_ram                                                            |     0.001 |
|       mac_rx0                                                                       |     0.006 |
|         arp0                                                                        |     0.001 |
|         c0                                                                          |    <0.001 |
|         ip0                                                                         |     0.001 |
|         mac0                                                                        |     0.003 |
|       mac_tx0                                                                       |     0.004 |
|         arp_tx0                                                                     |    <0.001 |
|         c0                                                                          |    <0.001 |
|         ip0                                                                         |     0.001 |
|         ipmode                                                                      |    <0.001 |
|         mac0                                                                        |    <0.001 |
|         mode0                                                                       |    <0.001 |
|         udp0                                                                        |    <0.001 |
|   mac_test2                                                                         |     0.017 |
|     mac_top0                                                                        |     0.016 |
|       cache0                                                                        |    <0.001 |
|       icmp0                                                                         |     0.005 |
|         icmp_receive_ram                                                            |     0.001 |
|       mac_rx0                                                                       |     0.006 |
|         arp0                                                                        |     0.001 |
|         c0                                                                          |    <0.001 |
|         ip0                                                                         |     0.001 |
|         mac0                                                                        |     0.003 |
|       mac_tx0                                                                       |     0.004 |
|         arp_tx0                                                                     |    <0.001 |
|         c0                                                                          |    <0.001 |
|         ip0                                                                         |     0.001 |
|         ipmode                                                                      |    <0.001 |
|         mac0                                                                        |    <0.001 |
|         mode0                                                                       |    <0.001 |
|         udp0                                                                        |    <0.001 |
|   mac_test3                                                                         |     0.017 |
|     mac_top0                                                                        |     0.016 |
|       cache0                                                                        |    <0.001 |
|       icmp0                                                                         |     0.005 |
|         icmp_receive_ram                                                            |     0.001 |
|       mac_rx0                                                                       |     0.006 |
|         arp0                                                                        |     0.001 |
|         c0                                                                          |    <0.001 |
|         ip0                                                                         |     0.001 |
|         mac0                                                                        |     0.003 |
|       mac_tx0                                                                       |     0.004 |
|         arp_tx0                                                                     |    <0.001 |
|         c0                                                                          |    <0.001 |
|         ip0                                                                         |     0.001 |
|         ipmode                                                                      |    <0.001 |
|         mac0                                                                        |    <0.001 |
|         mode0                                                                       |    <0.001 |
|         udp0                                                                        |    <0.001 |
|   mac_test4                                                                         |     0.018 |
|     mac_top0                                                                        |     0.017 |
|       cache0                                                                        |    <0.001 |
|       icmp0                                                                         |     0.005 |
|         icmp_receive_ram                                                            |     0.001 |
|       mac_rx0                                                                       |     0.007 |
|         arp0                                                                        |     0.001 |
|         c0                                                                          |    <0.001 |
|         ip0                                                                         |     0.002 |
|         mac0                                                                        |     0.004 |
|       mac_tx0                                                                       |     0.004 |
|         arp_tx0                                                                     |    <0.001 |
|         c0                                                                          |    <0.001 |
|         ip0                                                                         |     0.001 |
|         ipmode                                                                      |    <0.001 |
|         mac0                                                                        |    <0.001 |
|         mode0                                                                       |    <0.001 |
|         udp0                                                                        |    <0.001 |
+-------------------------------------------------------------------------------------+-----------+


