Copyright 1986-2017 Xilinx, Inc. All Rights Reserved.
---------------------------------------------------------------------------------------------------------
| Tool Version : Vivado v.2017.4 (win64) Build 2086221 Fri Dec 15 20:55:39 MST 2017
| Date         : Tue Jul  3 20:05:19 2018
| Host         : PC-201805041311 running 64-bit major release  (build 9200)
| Command      : report_clock_utilization -file example_ibert_7series_gtp_0_clock_utilization_routed.rpt
| Design       : example_ibert_7series_gtp_0
| Device       : 7a100t-fgg484
| Speed File   : -2  PRODUCTION 1.20 2017-11-01
---------------------------------------------------------------------------------------------------------

Clock Utilization Report

Table of Contents
-----------------
1. Clock Primitive Utilization
2. Global Clock Resources
3. Global Clock Source Details
4. Local Clock Details
5. Clock Regions: Key Resource Utilization
6. Clock Regions : Global Clock Summary
7. Device Cell Placement Summary for Global Clock g0
8. Device Cell Placement Summary for Global Clock g1
9. Device Cell Placement Summary for Global Clock g2
10. Device Cell Placement Summary for Global Clock g3
11. Device Cell Placement Summary for Global Clock g4
12. Device Cell Placement Summary for Global Clock g5
13. Device Cell Placement Summary for Global Clock g6
14. Clock Region Cell Placement per Global Clock: Region X0Y2
15. Clock Region Cell Placement per Global Clock: Region X1Y2
16. Clock Region Cell Placement per Global Clock: Region X0Y3
17. Clock Region Cell Placement per Global Clock: Region X1Y3

1. Clock Primitive Utilization
------------------------------

+----------+------+-----------+-----+--------------+--------+
| Type     | Used | Available | LOC | Clock Region | Pblock |
+----------+------+-----------+-----+--------------+--------+
| BUFGCTRL |    1 |        32 |   0 |            0 |      0 |
| BUFH     |    5 |        96 |   5 |            0 |      0 |
| BUFIO    |    0 |        24 |   0 |            0 |      0 |
| BUFMR    |    0 |        12 |   0 |            0 |      0 |
| BUFR     |    1 |        24 |   0 |            0 |      0 |
| MMCM     |    1 |         6 |   0 |            0 |      0 |
| PLL      |    0 |         6 |   0 |            0 |      0 |
+----------+------+-----------+-----+--------------+--------+


2. Global Clock Resources
-------------------------

+-----------+-----------+-----------------+--------------+---------------+--------------+-------------------+-------------+-----------------+--------------+-----------+-------------------------------------------------------------------------+-----------------------------------------------------------------+
| Global Id | Source Id | Driver Type/Pin | Constraint   | Site          | Clock Region | Load Clock Region | Clock Loads | Non-Clock Loads | Clock Period | Clock     | Driver Pin                                                              | Net                                                             |
+-----------+-----------+-----------------+--------------+---------------+--------------+-------------------+-------------+-----------------+--------------+-----------+-------------------------------------------------------------------------+-----------------------------------------------------------------+
| g0        | src0      | BUFG/O          | None         | BUFGCTRL_X0Y0 | n/a          |                 4 |        7625 |               0 |       10.000 | dclk_mmcm | u_ibert_core/inst/SYSCLK_DIVIDER.u_bufg_dclk/O                          | u_ibert_core/inst/dclk                                          |
| g1        | src1      | BUFH/O          | BUFHCE_X1Y36 | BUFHCE_X1Y36  | X1Y3         |                 1 |         936 |               0 |       12.800 | Q1_TX0    | u_ibert_core/inst/QUAD[0].u_q/u_common/u_clocking/local_txusr.u_txusr/O | u_ibert_core/inst/QUAD[0].u_q/u_common/u_clocking/TXUSRCLK_O[0] |
| g2        | src1      | BUFH/O          | BUFHCE_X1Y37 | BUFHCE_X1Y37  | X1Y3         |                 1 |         458 |               0 |       12.800 | Q1_RXCLK0 | u_ibert_core/inst/QUAD[0].u_q/u_common/u_clocking/rx_ind.u_rxusr0/O     | u_ibert_core/inst/QUAD[0].u_q/u_common/u_clocking/RXUSRCLK_O[0] |
| g3        | src2      | BUFH/O          | BUFHCE_X1Y38 | BUFHCE_X1Y38  | X1Y3         |                 1 |         458 |               0 |       12.800 | Q1_RXCLK1 | u_ibert_core/inst/QUAD[0].u_q/u_common/u_clocking/rx_ind.u_rxusr1/O     | u_ibert_core/inst/QUAD[0].u_q/u_common/u_clocking/RXUSRCLK_O[1] |
| g4        | src3      | BUFH/O          | BUFHCE_X1Y39 | BUFHCE_X1Y39  | X1Y3         |                 1 |         458 |               0 |       12.800 | Q1_RXCLK2 | u_ibert_core/inst/QUAD[0].u_q/u_common/u_clocking/rx_ind.u_rxusr2/O     | u_ibert_core/inst/QUAD[0].u_q/u_common/u_clocking/RXUSRCLK_O[2] |
| g5        | src4      | BUFH/O          | BUFHCE_X1Y40 | BUFHCE_X1Y40  | X1Y3         |                 1 |         458 |               0 |       12.800 | Q1_RXCLK3 | u_ibert_core/inst/QUAD[0].u_q/u_common/u_clocking/rx_ind.u_rxusr3/O     | u_ibert_core/inst/QUAD[0].u_q/u_common/u_clocking/RXUSRCLK_O[3] |
| g6        | src5      | BUFR/O          | None         | BUFR_X0Y13    | X0Y3         |                 1 |         256 |               0 |       30.000 | J_CLK     | u_ibert_core/inst/u_bufr/SERIES7_BUFR.BUFR_inst/O                       | u_ibert_core/inst/u_bufr/DRCK_IN                                |
+-----------+-----------+-----------------+--------------+---------------+--------------+-------------------+-------------+-----------------+--------------+-----------+-------------------------------------------------------------------------+-----------------------------------------------------------------+
* Clock Loads column represents the clock pin loads (pin count)
** Non-Clock Loads column represents the non-clock pin loads (pin count)


3. Global Clock Source Details
------------------------------

+-----------+-----------+------------------------+--------------------+--------------------+--------------+-------------+-----------------+---------------------+--------------+-------------------------------------------------------------------+---------------------------------------------------------+
| Source Id | Global Id | Driver Type/Pin        | Constraint         | Site               | Clock Region | Clock Loads | Non-Clock Loads | Source Clock Period | Source Clock | Driver Pin                                                        | Net                                                     |
+-----------+-----------+------------------------+--------------------+--------------------+--------------+-------------+-----------------+---------------------+--------------+-------------------------------------------------------------------+---------------------------------------------------------+
| src0      | g0        | MMCME2_ADV/CLKOUT0     | None               | MMCME2_ADV_X1Y1    | X1Y1         |           1 |               0 |              10.000 | dclk_mmcm    | u_ibert_core/inst/SYSCLK_DIVIDER.U_GT_MMCM/CLKOUT0                | u_ibert_core/inst/dclk_mmcm                             |
| src1      | g2        | GTPE2_CHANNEL/RXOUTCLK | GTPE2_CHANNEL_X0Y4 | GTPE2_CHANNEL_X0Y4 | X1Y3         |           1 |               0 |              12.800 | Q1_RXCLK0    | u_ibert_core/inst/QUAD[0].u_q/CH[0].u_ch/u_gtpe2_channel/RXOUTCLK | u_ibert_core/inst/QUAD[0].u_q/CH[0].u_ch/RXUSRCLK_EXT_O |
| src1      | g1        | GTPE2_CHANNEL/TXOUTCLK | GTPE2_CHANNEL_X0Y4 | GTPE2_CHANNEL_X0Y4 | X1Y3         |           1 |               0 |              12.800 | Q1_TX0       | u_ibert_core/inst/QUAD[0].u_q/CH[0].u_ch/u_gtpe2_channel/TXOUTCLK | u_ibert_core/inst/QUAD[0].u_q/CH[0].u_ch/TXUSRCLK_EXT_O |
| src2      | g3        | GTPE2_CHANNEL/RXOUTCLK | GTPE2_CHANNEL_X0Y5 | GTPE2_CHANNEL_X0Y5 | X1Y3         |           1 |               0 |              12.800 | Q1_RXCLK1    | u_ibert_core/inst/QUAD[0].u_q/CH[1].u_ch/u_gtpe2_channel/RXOUTCLK | u_ibert_core/inst/QUAD[0].u_q/CH[1].u_ch/RXOUTCLK_I[0]  |
| src3      | g4        | GTPE2_CHANNEL/RXOUTCLK | GTPE2_CHANNEL_X0Y6 | GTPE2_CHANNEL_X0Y6 | X1Y3         |           1 |               0 |              12.800 | Q1_RXCLK2    | u_ibert_core/inst/QUAD[0].u_q/CH[2].u_ch/u_gtpe2_channel/RXOUTCLK | u_ibert_core/inst/QUAD[0].u_q/CH[2].u_ch/RXOUTCLK_I[0]  |
| src4      | g5        | GTPE2_CHANNEL/RXOUTCLK | GTPE2_CHANNEL_X0Y7 | GTPE2_CHANNEL_X0Y7 | X1Y3         |           1 |               0 |              12.800 | Q1_RXCLK3    | u_ibert_core/inst/QUAD[0].u_q/CH[3].u_ch/u_gtpe2_channel/RXOUTCLK | u_ibert_core/inst/QUAD[0].u_q/CH[3].u_ch/RXOUTCLK_I[0]  |
| src5      | g6        | BSCANE2/DRCK           | None               | BSCAN_X0Y0         | X0Y1         |           1 |               0 |              30.000 | J_CLK        | u_ibert_core/inst/bscan_inst/SERIES7_BSCAN.bscan_inst/DRCK        | u_ibert_core/inst/bscan_inst/DRCK                       |
+-----------+-----------+------------------------+--------------------+--------------------+--------------+-------------+-----------------+---------------------+--------------+-------------------------------------------------------------------+---------------------------------------------------------+
* Clock Loads column represents the clock pin loads (pin count)
** Non-Clock Loads column represents the non-clock pin loads (pin count)


4. Local Clock Details
----------------------

+----------+-------------------------+-------------------+--------------------------------+--------------+-------------+-----------------+--------------+-------+-------------------------------------------------------------------------------------------------------+-------------------------------------------------------------------------------------------------+
| Local Id | Driver Type/Pin         | Constraint        | Site/BEL                       | Clock Region | Clock Loads | Non-Clock Loads | Clock Period | Clock | Driver Pin                                                                                            | Net                                                                                             |
+----------+-------------------------+-------------------+--------------------------------+--------------+-------------+-----------------+--------------+-------+-------------------------------------------------------------------------------------------------------+-------------------------------------------------------------------------------------------------||
| 0        | GTPE2_COMMON/PLL0OUTCLK | GTPE2_COMMON_X0Y1 | GTPE2_COMMON_X0Y1/GTPE2_COMMON | X1Y3         |           4 |               0 |              |       | u_ibert_core/inst/QUAD[0].u_q/u_common/u_gtpe2_common/PLL0OUTCLK                                      | u_ibert_core/inst/QUAD[0].u_q/u_common/PLL0OUTCLK_O                                             - Static -
| 1        | GTPE2_COMMON/PLL1OUTCLK | GTPE2_COMMON_X0Y1 | GTPE2_COMMON_X0Y1/GTPE2_COMMON | X1Y3         |           4 |               0 |              |       | u_ibert_core/inst/QUAD[0].u_q/u_common/u_gtpe2_common/PLL1OUTCLK                                      | u_ibert_core/inst/QUAD[0].u_q/u_common/PLL1OUTCLK_O                                             - Static -
| 2        | FDRE/Q                  | PBlock            | SLICE_X74Y155/AFF              | X1Y3         |           1 |               1 |              |       | u_ibert_core/inst/QUAD[0].u_q/CH[0].u_ch/U_CHANNEL_REGS/reg_20A/I_EN_CTL_EQ1.U_CTL/xsdb_reg_reg[10]/Q | u_ibert_core/inst/QUAD[0].u_q/CH[0].u_ch/U_CHANNEL_REGS/reg_20A/I_EN_CTL_EQ1.U_CTL/clkrsvd0_reg - Static -
| 3        | FDRE/Q                  | PBlock            | SLICE_X74Y155/BFF              | X1Y3         |           1 |               1 |              |       | u_ibert_core/inst/QUAD[0].u_q/CH[0].u_ch/U_CHANNEL_REGS/reg_20A/I_EN_CTL_EQ1.U_CTL/xsdb_reg_reg[11]/Q | u_ibert_core/inst/QUAD[0].u_q/CH[0].u_ch/U_CHANNEL_REGS/reg_20A/I_EN_CTL_EQ1.U_CTL/clkrsvd1_reg - Static -
| 4        | FDRE/Q                  | PBlock            | SLICE_X62Y169/AFF              | X1Y3         |           1 |               1 |              |       | u_ibert_core/inst/QUAD[0].u_q/CH[1].u_ch/U_CHANNEL_REGS/reg_20A/I_EN_CTL_EQ1.U_CTL/xsdb_reg_reg[10]/Q | u_ibert_core/inst/QUAD[0].u_q/CH[1].u_ch/U_CHANNEL_REGS/reg_20A/I_EN_CTL_EQ1.U_CTL/clkrsvd0_reg - Static -
| 5        | FDRE/Q                  | PBlock            | SLICE_X62Y169/BFF              | X1Y3         |           1 |               1 |              |       | u_ibert_core/inst/QUAD[0].u_q/CH[1].u_ch/U_CHANNEL_REGS/reg_20A/I_EN_CTL_EQ1.U_CTL/xsdb_reg_reg[11]/Q | u_ibert_core/inst/QUAD[0].u_q/CH[1].u_ch/U_CHANNEL_REGS/reg_20A/I_EN_CTL_EQ1.U_CTL/clkrsvd1_reg - Static -
| 6        | FDRE/Q                  | PBlock            | SLICE_X74Y184/AFF              | X1Y3         |           1 |               1 |              |       | u_ibert_core/inst/QUAD[0].u_q/CH[2].u_ch/U_CHANNEL_REGS/reg_20A/I_EN_CTL_EQ1.U_CTL/xsdb_reg_reg[10]/Q | u_ibert_core/inst/QUAD[0].u_q/CH[2].u_ch/U_CHANNEL_REGS/reg_20A/I_EN_CTL_EQ1.U_CTL/clkrsvd0_reg - Static -
| 7        | FDRE/Q                  | PBlock            | SLICE_X70Y183/AFF              | X1Y3         |           1 |               1 |              |       | u_ibert_core/inst/QUAD[0].u_q/CH[2].u_ch/U_CHANNEL_REGS/reg_20A/I_EN_CTL_EQ1.U_CTL/xsdb_reg_reg[11]/Q | u_ibert_core/inst/QUAD[0].u_q/CH[2].u_ch/U_CHANNEL_REGS/reg_20A/I_EN_CTL_EQ1.U_CTL/clkrsvd1_reg - Static -
| 8        | FDRE/Q                  | PBlock            | SLICE_X66Y192/AFF              | X1Y3         |           1 |               1 |              |       | u_ibert_core/inst/QUAD[0].u_q/CH[3].u_ch/U_CHANNEL_REGS/reg_20A/I_EN_CTL_EQ1.U_CTL/xsdb_reg_reg[10]/Q | u_ibert_core/inst/QUAD[0].u_q/CH[3].u_ch/U_CHANNEL_REGS/reg_20A/I_EN_CTL_EQ1.U_CTL/clkrsvd0_reg - Static -
| 9        | FDRE/Q                  | PBlock            | SLICE_X66Y192/BFF              | X1Y3         |           1 |               1 |              |       | u_ibert_core/inst/QUAD[0].u_q/CH[3].u_ch/U_CHANNEL_REGS/reg_20A/I_EN_CTL_EQ1.U_CTL/xsdb_reg_reg[11]/Q | u_ibert_core/inst/QUAD[0].u_q/CH[3].u_ch/U_CHANNEL_REGS/reg_20A/I_EN_CTL_EQ1.U_CTL/clkrsvd1_reg - Static -
+----------+-------------------------+-------------------+--------------------------------+--------------+-------------+-----------------+--------------+-------+-------------------------------------------------------------------------------------------------------+-------------------------------------------------------------------------------------------------||
* Local Clocks in this context represents only clocks driven by non-global buffers
** Clock Loads column represents the clock pin loads (pin count)
*** Non-Clock Loads column represents the non-clock pin loads (pin count)


5. Clock Regions: Key Resource Utilization
------------------------------------------

+-------------------+--------------+--------------+--------------+--------------+--------------+--------------+--------------+--------------+--------------+--------------+--------------+--------------+--------------+--------------+--------------+
|                   | Global Clock |     BUFRs    |    BUFMRs    |    BUFIOs    |     MMCM     |      PLL     |      GT      |      PCI     |    ILOGIC    |    OLOGIC    |      FF      |     LUTM     |    RAMB18    |    RAMB36    |    DSP48E2   |
+-------------------+------+-------+------+-------+------+-------+------+-------+------+-------+------+-------+------+-------+------+-------+------+-------+------+-------+------+-------+------+-------+------+-------+------+-------+------+-------+
| Clock Region Name | Used | Avail | Used | Avail | Used | Avail | Used | Avail | Used | Avail | Used | Avail | Used | Avail | Used | Avail | Used | Avail | Used | Avail | Used | Avail | Used | Avail | Used | Avail | Used | Avail | Used | Avail |
+-------------------+------+-------+------+-------+------+-------+------+-------+------+-------+------+-------+------+-------+------+-------+------+-------+------+-------+------+-------+------+-------+------+-------+------+-------+------+-------+
| X0Y0              |    0 |    12 |    0 |     4 |    0 |     2 |    0 |     4 |    0 |     1 |    0 |     1 |    0 |     0 |    0 |     0 |    0 |    50 |    0 |    50 |    0 |  2600 |    0 |   600 |    0 |    20 |    0 |    10 |    0 |    20 |
| X1Y0              |    0 |    12 |    0 |     0 |    0 |     0 |    0 |     0 |    0 |     0 |    0 |     0 |    0 |     4 |    0 |     0 |    0 |     0 |    0 |     0 |    0 |  1500 |    0 |   550 |    0 |    40 |    0 |    20 |    0 |    40 |
| X0Y1              |    0 |    12 |    0 |     4 |    0 |     2 |    0 |     4 |    0 |     1 |    0 |     1 |    0 |     0 |    0 |     0 |    0 |    50 |    0 |    50 |    0 |  2000 |    0 |   600 |    0 |    20 |    0 |    10 |    0 |    20 |
| X1Y1              |    0 |    12 |    0 |     4 |    0 |     2 |    0 |     4 |    0 |     1 |    0 |     1 |    0 |     0 |    0 |     0 |    0 |    50 |    0 |    50 |    0 |  1900 |    0 |   650 |    0 |    60 |    0 |    30 |    0 |    40 |
| X0Y2              |    1 |    12 |    0 |     4 |    0 |     2 |    0 |     4 |    0 |     1 |    0 |     1 |    0 |     0 |    0 |     0 |    0 |    50 |    0 |    50 |  334 |  2000 |  124 |   600 |    0 |    20 |    0 |    10 |    0 |    20 |
| X1Y2              |    1 |    12 |    0 |     4 |    0 |     2 |    0 |     4 |    0 |     1 |    0 |     1 |    0 |     0 |    0 |     0 |    0 |    50 |    0 |    50 |  883 |  1900 |  361 |   650 |    0 |    60 |    0 |    30 |    0 |    40 |
| X0Y3              |    2 |    12 |    1 |     4 |    0 |     2 |    0 |     4 |    0 |     1 |    0 |     1 |    0 |     0 |    0 |     0 |    0 |    50 |    0 |    50 | 4328 |  2600 |  849 |   600 |    0 |    20 |    0 |    10 |    0 |    20 |
| X1Y3              |    6 |    12 |    0 |     0 |    0 |     0 |    0 |     0 |    0 |     0 |    0 |     0 |    4 |     4 |    0 |     1 |    0 |     0 |    0 |     0 | 4999 |  1350 | 1936 |   500 |    0 |    30 |    0 |    15 |    8 |    40 |
+-------------------+------+-------+------+-------+------+-------+------+-------+------+-------+------+-------+------+-------+------+-------+------+-------+------+-------+------+-------+------+-------+------+-------+------+-------+------+-------+
* Global Clock column represents track count; while other columns represents cell counts


6. Clock Regions : Global Clock Summary
---------------------------------------

All Modules
+----+----+----+
|    | X0 | X1 |
+----+----+----+
| Y3 |  2 |  6 |
| Y2 |  1 |  1 |
| Y1 |  0 |  0 |
| Y0 |  0 |  0 |
+----+----+----+


7. Device Cell Placement Summary for Global Clock g0
----------------------------------------------------

+-----------+-----------------+-------------------+-----------+-------------+---------------+-------------+----------+----------------+----------+------------------------+
| Global Id | Driver Type/Pin | Driver Region (D) | Clock     | Period (ns) | Waveform (ns) | Slice Loads | IO Loads | Clocking Loads | GT Loads | Net                    |
+-----------+-----------------+-------------------+-----------+-------------+---------------+-------------+----------+----------------+----------+------------------------+
| g0        | BUFG/O          | n/a               | dclk_mmcm |      10.000 | {0.000 5.000} |        7611 |        0 |              0 |        5 | u_ibert_core/inst/dclk |
+-----------+-----------------+-------------------+-----------+-------------+---------------+-------------+----------+----------------+----------+------------------------+
* Logic Loads column represents load cell count of all cell types other than IO, GT and clock resources
** IO Loads column represents load cell count of IO types
*** Clocking Loads column represents load cell count that are clock resources (global clock buffer, MMCM, PLL, etc)
**** GT Loads column represents load cell count of GT types


+----+-------+-------+
|    | X0    | X1    |
+----+-------+-------+
| Y3 |  4075 |  2324 |
| Y2 |   334 |   883 |
| Y1 |     0 |     0 |
| Y0 |     0 |     0 |
+----+-------+-------+


8. Device Cell Placement Summary for Global Clock g1
----------------------------------------------------

+-----------+-----------------+-------------------+--------+-------------+---------------+-------------+----------+----------------+----------+-----------------------------------------------------------------+
| Global Id | Driver Type/Pin | Driver Region (D) | Clock  | Period (ns) | Waveform (ns) | Slice Loads | IO Loads | Clocking Loads | GT Loads | Net                                                             |
+-----------+-----------------+-------------------+--------+-------------+---------------+-------------+----------+----------------+----------+-----------------------------------------------------------------+
| g1        | BUFH/O          | X1Y3              | Q1_TX0 |      12.800 | {0.000 6.400} |         928 |        0 |              0 |        4 | u_ibert_core/inst/QUAD[0].u_q/u_common/u_clocking/TXUSRCLK_O[0] |
+-----------+-----------------+-------------------+--------+-------------+---------------+-------------+----------+----------------+----------+-----------------------------------------------------------------+
* Logic Loads column represents load cell count of all cell types other than IO, GT and clock resources
** IO Loads column represents load cell count of IO types
*** Clocking Loads column represents load cell count that are clock resources (global clock buffer, MMCM, PLL, etc)
**** GT Loads column represents load cell count of GT types


+----+----+----------+
|    | X0 | X1       |
+----+----+----------+
| Y3 |  0 |  (D) 932 |
| Y2 |  0 |        0 |
| Y1 |  0 |        0 |
| Y0 |  0 |        0 |
+----+----+----------+


9. Device Cell Placement Summary for Global Clock g2
----------------------------------------------------

+-----------+-----------------+-------------------+-----------+-------------+---------------+-------------+----------+----------------+----------+-----------------------------------------------------------------+
| Global Id | Driver Type/Pin | Driver Region (D) | Clock     | Period (ns) | Waveform (ns) | Slice Loads | IO Loads | Clocking Loads | GT Loads | Net                                                             |
+-----------+-----------------+-------------------+-----------+-------------+---------------+-------------+----------+----------------+----------+-----------------------------------------------------------------+
| g2        | BUFH/O          | X1Y3              | Q1_RXCLK0 |      12.800 | {0.000 6.400} |         456 |        0 |              0 |        1 | u_ibert_core/inst/QUAD[0].u_q/u_common/u_clocking/RXUSRCLK_O[0] |
+-----------+-----------------+-------------------+-----------+-------------+---------------+-------------+----------+----------------+----------+-----------------------------------------------------------------+
* Logic Loads column represents load cell count of all cell types other than IO, GT and clock resources
** IO Loads column represents load cell count of IO types
*** Clocking Loads column represents load cell count that are clock resources (global clock buffer, MMCM, PLL, etc)
**** GT Loads column represents load cell count of GT types


+----+----+----------+
|    | X0 | X1       |
+----+----+----------+
| Y3 |  0 |  (D) 457 |
| Y2 |  0 |        0 |
| Y1 |  0 |        0 |
| Y0 |  0 |        0 |
+----+----+----------+


10. Device Cell Placement Summary for Global Clock g3
-----------------------------------------------------

+-----------+-----------------+-------------------+-----------+-------------+---------------+-------------+----------+----------------+----------+-----------------------------------------------------------------+
| Global Id | Driver Type/Pin | Driver Region (D) | Clock     | Period (ns) | Waveform (ns) | Slice Loads | IO Loads | Clocking Loads | GT Loads | Net                                                             |
+-----------+-----------------+-------------------+-----------+-------------+---------------+-------------+----------+----------------+----------+-----------------------------------------------------------------+
| g3        | BUFH/O          | X1Y3              | Q1_RXCLK1 |      12.800 | {0.000 6.400} |         456 |        0 |              0 |        1 | u_ibert_core/inst/QUAD[0].u_q/u_common/u_clocking/RXUSRCLK_O[1] |
+-----------+-----------------+-------------------+-----------+-------------+---------------+-------------+----------+----------------+----------+-----------------------------------------------------------------+
* Logic Loads column represents load cell count of all cell types other than IO, GT and clock resources
** IO Loads column represents load cell count of IO types
*** Clocking Loads column represents load cell count that are clock resources (global clock buffer, MMCM, PLL, etc)
**** GT Loads column represents load cell count of GT types


+----+----+----------+
|    | X0 | X1       |
+----+----+----------+
| Y3 |  0 |  (D) 457 |
| Y2 |  0 |        0 |
| Y1 |  0 |        0 |
| Y0 |  0 |        0 |
+----+----+----------+


11. Device Cell Placement Summary for Global Clock g4
-----------------------------------------------------

+-----------+-----------------+-------------------+-----------+-------------+---------------+-------------+----------+----------------+----------+-----------------------------------------------------------------+
| Global Id | Driver Type/Pin | Driver Region (D) | Clock     | Period (ns) | Waveform (ns) | Slice Loads | IO Loads | Clocking Loads | GT Loads | Net                                                             |
+-----------+-----------------+-------------------+-----------+-------------+---------------+-------------+----------+----------------+----------+-----------------------------------------------------------------+
| g4        | BUFH/O          | X1Y3              | Q1_RXCLK2 |      12.800 | {0.000 6.400} |         456 |        0 |              0 |        1 | u_ibert_core/inst/QUAD[0].u_q/u_common/u_clocking/RXUSRCLK_O[2] |
+-----------+-----------------+-------------------+-----------+-------------+---------------+-------------+----------+----------------+----------+-----------------------------------------------------------------+
* Logic Loads column represents load cell count of all cell types other than IO, GT and clock resources
** IO Loads column represents load cell count of IO types
*** Clocking Loads column represents load cell count that are clock resources (global clock buffer, MMCM, PLL, etc)
**** GT Loads column represents load cell count of GT types


+----+----+----------+
|    | X0 | X1       |
+----+----+----------+
| Y3 |  0 |  (D) 457 |
| Y2 |  0 |        0 |
| Y1 |  0 |        0 |
| Y0 |  0 |        0 |
+----+----+----------+


12. Device Cell Placement Summary for Global Clock g5
-----------------------------------------------------

+-----------+-----------------+-------------------+-----------+-------------+---------------+-------------+----------+----------------+----------+-----------------------------------------------------------------+
| Global Id | Driver Type/Pin | Driver Region (D) | Clock     | Period (ns) | Waveform (ns) | Slice Loads | IO Loads | Clocking Loads | GT Loads | Net                                                             |
+-----------+-----------------+-------------------+-----------+-------------+---------------+-------------+----------+----------------+----------+-----------------------------------------------------------------+
| g5        | BUFH/O          | X1Y3              | Q1_RXCLK3 |      12.800 | {0.000 6.400} |         456 |        0 |              0 |        1 | u_ibert_core/inst/QUAD[0].u_q/u_common/u_clocking/RXUSRCLK_O[3] |
+-----------+-----------------+-------------------+-----------+-------------+---------------+-------------+----------+----------------+----------+-----------------------------------------------------------------+
* Logic Loads column represents load cell count of all cell types other than IO, GT and clock resources
** IO Loads column represents load cell count of IO types
*** Clocking Loads column represents load cell count that are clock resources (global clock buffer, MMCM, PLL, etc)
**** GT Loads column represents load cell count of GT types


+----+----+----------+
|    | X0 | X1       |
+----+----+----------+
| Y3 |  0 |  (D) 457 |
| Y2 |  0 |        0 |
| Y1 |  0 |        0 |
| Y0 |  0 |        0 |
+----+----+----------+


13. Device Cell Placement Summary for Global Clock g6
-----------------------------------------------------

+-----------+-----------------+-------------------+-------+-------------+----------------+-------------+----------+----------------+----------+----------------------------------+
| Global Id | Driver Type/Pin | Driver Region (D) | Clock | Period (ns) | Waveform (ns)  | Slice Loads | IO Loads | Clocking Loads | GT Loads | Net                              |
+-----------+-----------------+-------------------+-------+-------------+----------------+-------------+----------+----------------+----------+----------------------------------+
| g6        | BUFR/O          | X0Y3              | J_CLK |      30.000 | {0.000 15.000} |         253 |        0 |              0 |        0 | u_ibert_core/inst/u_bufr/DRCK_IN |
+-----------+-----------------+-------------------+-------+-------------+----------------+-------------+----------+----------------+----------+----------------------------------+
* Logic Loads column represents load cell count of all cell types other than IO, GT and clock resources
** IO Loads column represents load cell count of IO types
*** Clocking Loads column represents load cell count that are clock resources (global clock buffer, MMCM, PLL, etc)
**** GT Loads column represents load cell count of GT types


+----+----------+----+
|    | X0       | X1 |
+----+----------+----+
| Y3 |  (D) 253 |  0 |
| Y2 |        0 |  0 |
| Y1 |        0 |  0 |
| Y0 |        0 |  0 |
+----+----------+----+


14. Clock Region Cell Placement per Global Clock: Region X0Y2
-------------------------------------------------------------

+-----------+-------+-----------------+------------+-------------+-----------------+-----+--------+------+-----+----+------+-----+---------+------------------------+
| Global Id | Track | Driver Type/Pin | Constraint | Clock Loads | Non-Clock Loads | FF  | LUTRAM | RAMB | DSP | GT | MMCM | PLL | Hard IP | Net                    |
+-----------+-------+-----------------+------------+-------------+-----------------+-----+--------+------+-----+----+------+-----+---------+------------------------+
| g0        | n/a   | BUFG/O          | None       |         334 |               0 | 334 |      0 |    0 |   0 |  0 |    0 |   0 |       0 | u_ibert_core/inst/dclk |
+-----------+-------+-----------------+------------+-------------+-----------------+-----+--------+------+-----+----+------+-----+---------+------------------------+
* Clock Loads column represents the clock pin loads (pin count)
** Non-Clock Loads column represents the non-clock pin loads (pin count)
*** Columns FF, LUTRAM, RAMB through 'Hard IP' represents load cell counts


15. Clock Region Cell Placement per Global Clock: Region X1Y2
-------------------------------------------------------------

+-----------+-------+-----------------+------------+-------------+-----------------+-----+--------+------+-----+----+------+-----+---------+------------------------+
| Global Id | Track | Driver Type/Pin | Constraint | Clock Loads | Non-Clock Loads | FF  | LUTRAM | RAMB | DSP | GT | MMCM | PLL | Hard IP | Net                    |
+-----------+-------+-----------------+------------+-------------+-----------------+-----+--------+------+-----+----+------+-----+---------+------------------------+
| g0        | n/a   | BUFG/O          | None       |         883 |               0 | 883 |      0 |    0 |   0 |  0 |    0 |   0 |       0 | u_ibert_core/inst/dclk |
+-----------+-------+-----------------+------------+-------------+-----------------+-----+--------+------+-----+----+------+-----+---------+------------------------+
* Clock Loads column represents the clock pin loads (pin count)
** Non-Clock Loads column represents the non-clock pin loads (pin count)
*** Columns FF, LUTRAM, RAMB through 'Hard IP' represents load cell counts


16. Clock Region Cell Placement per Global Clock: Region X0Y3
-------------------------------------------------------------

+-----------+-------+-----------------+------------+-------------+-----------------+------+--------+------+-----+----+------+-----+---------+----------------------------------+
| Global Id | Track | Driver Type/Pin | Constraint | Clock Loads | Non-Clock Loads | FF   | LUTRAM | RAMB | DSP | GT | MMCM | PLL | Hard IP | Net                              |
+-----------+-------+-----------------+------------+-------------+-----------------+------+--------+------+-----+----+------+-----+---------+----------------------------------+
| g0        | n/a   | BUFG/O          | None       |        4075 |               0 | 4075 |      0 |    0 |   0 |  0 |    0 |   0 |       0 | u_ibert_core/inst/dclk           |
| g6        | n/a   | BUFR/O          | None       |         253 |               0 |  253 |      0 |    0 |   0 |  0 |    0 |   0 |       0 | u_ibert_core/inst/u_bufr/DRCK_IN |
+-----------+-------+-----------------+------------+-------------+-----------------+------+--------+------+-----+----+------+-----+---------+----------------------------------+
* Clock Loads column represents the clock pin loads (pin count)
** Non-Clock Loads column represents the non-clock pin loads (pin count)
*** Columns FF, LUTRAM, RAMB through 'Hard IP' represents load cell counts


17. Clock Region Cell Placement per Global Clock: Region X1Y3
-------------------------------------------------------------

+-----------+-------+-----------------+--------------+-------------+-----------------+------+--------+------+-----+----+------+-----+---------+-----------------------------------------------------------------+
| Global Id | Track | Driver Type/Pin | Constraint   | Clock Loads | Non-Clock Loads | FF   | LUTRAM | RAMB | DSP | GT | MMCM | PLL | Hard IP | Net                                                             |
+-----------+-------+-----------------+--------------+-------------+-----------------+------+--------+------+-----+----+------+-----+---------+-----------------------------------------------------------------+
| g0        | n/a   | BUFG/O          | None         |        2324 |               0 | 2319 |      0 |    0 |   0 |  4 |    0 |   0 |       0 | u_ibert_core/inst/dclk                                          |
| g1        | n/a   | BUFH/O          | BUFHCE_X1Y36 |         932 |               0 |  928 |      0 |    0 |   0 |  4 |    0 |   0 |       0 | u_ibert_core/inst/QUAD[0].u_q/u_common/u_clocking/TXUSRCLK_O[0] |
| g2        | n/a   | BUFH/O          | BUFHCE_X1Y37 |         457 |               0 |  438 |     16 |    0 |   2 |  1 |    0 |   0 |       0 | u_ibert_core/inst/QUAD[0].u_q/u_common/u_clocking/RXUSRCLK_O[0] |
| g3        | n/a   | BUFH/O          | BUFHCE_X1Y38 |         457 |               0 |  438 |     16 |    0 |   2 |  1 |    0 |   0 |       0 | u_ibert_core/inst/QUAD[0].u_q/u_common/u_clocking/RXUSRCLK_O[1] |
| g4        | n/a   | BUFH/O          | BUFHCE_X1Y39 |         457 |               0 |  438 |     16 |    0 |   2 |  1 |    0 |   0 |       0 | u_ibert_core/inst/QUAD[0].u_q/u_common/u_clocking/RXUSRCLK_O[2] |
| g5        | n/a   | BUFH/O          | BUFHCE_X1Y40 |         457 |               0 |  438 |     16 |    0 |   2 |  1 |    0 |   0 |       0 | u_ibert_core/inst/QUAD[0].u_q/u_common/u_clocking/RXUSRCLK_O[3] |
+-----------+-------+-----------------+--------------+-------------+-----------------+------+--------+------+-----+----+------+-----+---------+-----------------------------------------------------------------+
* Clock Loads column represents the clock pin loads (pin count)
** Non-Clock Loads column represents the non-clock pin loads (pin count)
*** Columns FF, LUTRAM, RAMB through 'Hard IP' represents load cell counts



# Location of BUFG Primitives 
set_property LOC BUFGCTRL_X0Y0 [get_cells u_ibert_core/inst/SYSCLK_DIVIDER.u_bufg_dclk]

# Location of BUFH Primitives 
set_property LOC BUFHCE_X1Y36 [get_cells u_ibert_core/inst/QUAD[0].u_q/u_common/u_clocking/local_txusr.u_txusr]
set_property LOC BUFHCE_X1Y40 [get_cells u_ibert_core/inst/QUAD[0].u_q/u_common/u_clocking/rx_ind.u_rxusr3]
set_property LOC BUFHCE_X1Y39 [get_cells u_ibert_core/inst/QUAD[0].u_q/u_common/u_clocking/rx_ind.u_rxusr2]
set_property LOC BUFHCE_X1Y38 [get_cells u_ibert_core/inst/QUAD[0].u_q/u_common/u_clocking/rx_ind.u_rxusr1]
set_property LOC BUFHCE_X1Y37 [get_cells u_ibert_core/inst/QUAD[0].u_q/u_common/u_clocking/rx_ind.u_rxusr0]

# Location of BUFR Primitives 
set_property LOC BUFR_X0Y13 [get_cells u_ibert_core/inst/u_bufr/SERIES7_BUFR.BUFR_inst]

# Location of IO Primitives which is load of clock spine

# Location of clock ports
set_property LOC IOB_X1Y73 [get_ports SYSCLKN_I]
set_property LOC IOB_X1Y74 [get_ports SYSCLKP_I]

# Clock net "u_ibert_core/inst/u_bufr/DRCK_IN" driven by instance "u_ibert_core/inst/u_bufr/SERIES7_BUFR.BUFR_inst" located at site "BUFR_X0Y13"
#startgroup
create_pblock {CLKAG_u_ibert_core/inst/u_bufr/DRCK_IN}
add_cells_to_pblock [get_pblocks  {CLKAG_u_ibert_core/inst/u_bufr/DRCK_IN}] [get_cells -filter { PRIMITIVE_GROUP != I/O && IS_PRIMITIVE==1 && PRIMITIVE_LEVEL !=INTERNAL } -of_object [get_pins -filter {DIRECTION==IN} -of_objects [get_nets -hierarchical -filter {PARENT=="u_ibert_core/inst/u_bufr/DRCK_IN"}]]]
resize_pblock [get_pblocks {CLKAG_u_ibert_core/inst/u_bufr/DRCK_IN}] -add {CLOCKREGION_X0Y0:CLOCKREGION_X0Y0 CLOCKREGION_X0Y1:CLOCKREGION_X0Y1 CLOCKREGION_X0Y2:CLOCKREGION_X0Y2 CLOCKREGION_X0Y3:CLOCKREGION_X0Y3 CLOCKREGION_X1Y0:CLOCKREGION_X1Y0 CLOCKREGION_X1Y1:CLOCKREGION_X1Y1 CLOCKREGION_X1Y2:CLOCKREGION_X1Y2 CLOCKREGION_X1Y3:CLOCKREGION_X1Y3}
#endgroup

# Clock net "u_ibert_core/inst/dclk" driven by instance "u_ibert_core/inst/SYSCLK_DIVIDER.u_bufg_dclk" located at site "BUFGCTRL_X0Y0"
#startgroup
create_pblock {CLKAG_u_ibert_core/inst/dclk}
add_cells_to_pblock [get_pblocks  {CLKAG_u_ibert_core/inst/dclk}] [get_cells -filter { PRIMITIVE_GROUP != I/O && IS_PRIMITIVE==1 && PRIMITIVE_LEVEL !=INTERNAL } -of_object [get_pins -filter {DIRECTION==IN} -of_objects [get_nets -hierarchical -filter {PARENT=="u_ibert_core/inst/dclk"}]]]
resize_pblock [get_pblocks {CLKAG_u_ibert_core/inst/dclk}] -add {CLOCKREGION_X0Y0:CLOCKREGION_X0Y0 CLOCKREGION_X0Y1:CLOCKREGION_X0Y1 CLOCKREGION_X0Y2:CLOCKREGION_X0Y2 CLOCKREGION_X0Y3:CLOCKREGION_X0Y3 CLOCKREGION_X1Y0:CLOCKREGION_X1Y0 CLOCKREGION_X1Y1:CLOCKREGION_X1Y1 CLOCKREGION_X1Y2:CLOCKREGION_X1Y2 CLOCKREGION_X1Y3:CLOCKREGION_X1Y3}
#endgroup

# Clock net "u_ibert_core/inst/QUAD[0].u_q/u_common/u_clocking/TXUSRCLK_O[0]" driven by instance "u_ibert_core/inst/QUAD[0].u_q/u_common/u_clocking/local_txusr.u_txusr" located at site "BUFHCE_X1Y36"
#startgroup
create_pblock {CLKAG_u_ibert_core/inst/QUAD[0].u_q/u_common/u_clocking/TXUSRCLK_O[0]}
add_cells_to_pblock [get_pblocks  {CLKAG_u_ibert_core/inst/QUAD[0].u_q/u_common/u_clocking/TXUSRCLK_O[0]}] [get_cells -filter { PRIMITIVE_GROUP != I/O && IS_PRIMITIVE==1 && PRIMITIVE_LEVEL !=INTERNAL } -of_object [get_pins -filter {DIRECTION==IN} -of_objects [get_nets -hierarchical -filter {PARENT=="u_ibert_core/inst/QUAD[0].u_q/u_common/u_clocking/TXUSRCLK_O[0]"}]]]
resize_pblock [get_pblocks {CLKAG_u_ibert_core/inst/QUAD[0].u_q/u_common/u_clocking/TXUSRCLK_O[0]}] -add {CLOCKREGION_X0Y0:CLOCKREGION_X0Y0 CLOCKREGION_X0Y1:CLOCKREGION_X0Y1 CLOCKREGION_X0Y2:CLOCKREGION_X0Y2 CLOCKREGION_X0Y3:CLOCKREGION_X0Y3 CLOCKREGION_X1Y0:CLOCKREGION_X1Y0 CLOCKREGION_X1Y1:CLOCKREGION_X1Y1 CLOCKREGION_X1Y2:CLOCKREGION_X1Y2 CLOCKREGION_X1Y3:CLOCKREGION_X1Y3}
#endgroup

# Clock net "u_ibert_core/inst/QUAD[0].u_q/u_common/u_clocking/RXUSRCLK_O[3]" driven by instance "u_ibert_core/inst/QUAD[0].u_q/u_common/u_clocking/rx_ind.u_rxusr3" located at site "BUFHCE_X1Y40"
#startgroup
create_pblock {CLKAG_u_ibert_core/inst/QUAD[0].u_q/u_common/u_clocking/RXUSRCLK_O[3]}
add_cells_to_pblock [get_pblocks  {CLKAG_u_ibert_core/inst/QUAD[0].u_q/u_common/u_clocking/RXUSRCLK_O[3]}] [get_cells -filter { PRIMITIVE_GROUP != I/O && IS_PRIMITIVE==1 && PRIMITIVE_LEVEL !=INTERNAL } -of_object [get_pins -filter {DIRECTION==IN} -of_objects [get_nets -hierarchical -filter {PARENT=="u_ibert_core/inst/QUAD[0].u_q/u_common/u_clocking/RXUSRCLK_O[3]"}]]]
resize_pblock [get_pblocks {CLKAG_u_ibert_core/inst/QUAD[0].u_q/u_common/u_clocking/RXUSRCLK_O[3]}] -add {CLOCKREGION_X0Y0:CLOCKREGION_X0Y0 CLOCKREGION_X0Y1:CLOCKREGION_X0Y1 CLOCKREGION_X0Y2:CLOCKREGION_X0Y2 CLOCKREGION_X0Y3:CLOCKREGION_X0Y3 CLOCKREGION_X1Y0:CLOCKREGION_X1Y0 CLOCKREGION_X1Y1:CLOCKREGION_X1Y1 CLOCKREGION_X1Y2:CLOCKREGION_X1Y2 CLOCKREGION_X1Y3:CLOCKREGION_X1Y3}
#endgroup

# Clock net "u_ibert_core/inst/QUAD[0].u_q/u_common/u_clocking/RXUSRCLK_O[2]" driven by instance "u_ibert_core/inst/QUAD[0].u_q/u_common/u_clocking/rx_ind.u_rxusr2" located at site "BUFHCE_X1Y39"
#startgroup
create_pblock {CLKAG_u_ibert_core/inst/QUAD[0].u_q/u_common/u_clocking/RXUSRCLK_O[2]}
add_cells_to_pblock [get_pblocks  {CLKAG_u_ibert_core/inst/QUAD[0].u_q/u_common/u_clocking/RXUSRCLK_O[2]}] [get_cells -filter { PRIMITIVE_GROUP != I/O && IS_PRIMITIVE==1 && PRIMITIVE_LEVEL !=INTERNAL } -of_object [get_pins -filter {DIRECTION==IN} -of_objects [get_nets -hierarchical -filter {PARENT=="u_ibert_core/inst/QUAD[0].u_q/u_common/u_clocking/RXUSRCLK_O[2]"}]]]
resize_pblock [get_pblocks {CLKAG_u_ibert_core/inst/QUAD[0].u_q/u_common/u_clocking/RXUSRCLK_O[2]}] -add {CLOCKREGION_X0Y0:CLOCKREGION_X0Y0 CLOCKREGION_X0Y1:CLOCKREGION_X0Y1 CLOCKREGION_X0Y2:CLOCKREGION_X0Y2 CLOCKREGION_X0Y3:CLOCKREGION_X0Y3 CLOCKREGION_X1Y0:CLOCKREGION_X1Y0 CLOCKREGION_X1Y1:CLOCKREGION_X1Y1 CLOCKREGION_X1Y2:CLOCKREGION_X1Y2 CLOCKREGION_X1Y3:CLOCKREGION_X1Y3}
#endgroup

# Clock net "u_ibert_core/inst/QUAD[0].u_q/u_common/u_clocking/RXUSRCLK_O[1]" driven by instance "u_ibert_core/inst/QUAD[0].u_q/u_common/u_clocking/rx_ind.u_rxusr1" located at site "BUFHCE_X1Y38"
#startgroup
create_pblock {CLKAG_u_ibert_core/inst/QUAD[0].u_q/u_common/u_clocking/RXUSRCLK_O[1]}
add_cells_to_pblock [get_pblocks  {CLKAG_u_ibert_core/inst/QUAD[0].u_q/u_common/u_clocking/RXUSRCLK_O[1]}] [get_cells -filter { PRIMITIVE_GROUP != I/O && IS_PRIMITIVE==1 && PRIMITIVE_LEVEL !=INTERNAL } -of_object [get_pins -filter {DIRECTION==IN} -of_objects [get_nets -hierarchical -filter {PARENT=="u_ibert_core/inst/QUAD[0].u_q/u_common/u_clocking/RXUSRCLK_O[1]"}]]]
resize_pblock [get_pblocks {CLKAG_u_ibert_core/inst/QUAD[0].u_q/u_common/u_clocking/RXUSRCLK_O[1]}] -add {CLOCKREGION_X0Y0:CLOCKREGION_X0Y0 CLOCKREGION_X0Y1:CLOCKREGION_X0Y1 CLOCKREGION_X0Y2:CLOCKREGION_X0Y2 CLOCKREGION_X0Y3:CLOCKREGION_X0Y3 CLOCKREGION_X1Y0:CLOCKREGION_X1Y0 CLOCKREGION_X1Y1:CLOCKREGION_X1Y1 CLOCKREGION_X1Y2:CLOCKREGION_X1Y2 CLOCKREGION_X1Y3:CLOCKREGION_X1Y3}
#endgroup

# Clock net "u_ibert_core/inst/QUAD[0].u_q/u_common/u_clocking/RXUSRCLK_O[0]" driven by instance "u_ibert_core/inst/QUAD[0].u_q/u_common/u_clocking/rx_ind.u_rxusr0" located at site "BUFHCE_X1Y37"
#startgroup
create_pblock {CLKAG_u_ibert_core/inst/QUAD[0].u_q/u_common/u_clocking/RXUSRCLK_O[0]}
add_cells_to_pblock [get_pblocks  {CLKAG_u_ibert_core/inst/QUAD[0].u_q/u_common/u_clocking/RXUSRCLK_O[0]}] [get_cells -filter { PRIMITIVE_GROUP != I/O && IS_PRIMITIVE==1 && PRIMITIVE_LEVEL !=INTERNAL } -of_object [get_pins -filter {DIRECTION==IN} -of_objects [get_nets -hierarchical -filter {PARENT=="u_ibert_core/inst/QUAD[0].u_q/u_common/u_clocking/RXUSRCLK_O[0]"}]]]
resize_pblock [get_pblocks {CLKAG_u_ibert_core/inst/QUAD[0].u_q/u_common/u_clocking/RXUSRCLK_O[0]}] -add {CLOCKREGION_X0Y0:CLOCKREGION_X0Y0 CLOCKREGION_X0Y1:CLOCKREGION_X0Y1 CLOCKREGION_X0Y2:CLOCKREGION_X0Y2 CLOCKREGION_X0Y3:CLOCKREGION_X0Y3 CLOCKREGION_X1Y0:CLOCKREGION_X1Y0 CLOCKREGION_X1Y1:CLOCKREGION_X1Y1 CLOCKREGION_X1Y2:CLOCKREGION_X1Y2 CLOCKREGION_X1Y3:CLOCKREGION_X1Y3}
#endgroup
